2022-04-18 10:42:20.887 [main] INFO  [class Calculator] - Power [ 0.0 ]^[ 0.0 ]
 Result [ 1.0 ]
2022-04-18 10:42:20.893 [main] INFO  [class Calculator] - Power [ 2.0 ]^[ -3.0 ]
 Result [ 0.125 ]
2022-04-18 10:42:20.907 [main] INFO  [class Calculator] - Factorial of [ 4.0 ]
 Result is [ 24.0 ]
2022-04-18 10:42:20.908 [main] INFO  [class Calculator] - Factorial of negative number is not possible
2022-04-18 10:42:20.909 [main] INFO  [class Calculator] - Factorial of negative number is not possible
2022-04-18 10:42:20.911 [main] INFO  [class Calculator] - Factorial of [ 36.0 ]
 Result is [ 3.719933267899012E41 ]
2022-04-18 10:42:20.916 [main] INFO  [class Calculator] - Natural Logarithm of [ 10.0 ]
 Result [ 2.302585092994046 ]
2022-04-18 10:42:20.916 [main] INFO  [class Calculator] - Natural Logarithm of [ -25.0 ]
 Result [ NaN ]
2022-04-18 10:42:20.924 [main] INFO  [class Calculator] - Natural Logarithm of [ -24.0 ]
 Result [ NaN ]
2022-04-18 10:42:20.925 [main] INFO  [class Calculator] - Natural Logarithm of [ 36.0 ]
 Result [ 3.58351893845611 ]
2022-04-18 10:42:20.927 [main] INFO  [class Calculator] - Square Root of [ 25.0 ]
 Result [ 5.0 ]
2022-04-18 10:42:20.927 [main] INFO  [class Calculator] - Square Root of [ -25.0 ]
 Result [ NaN ]
2022-04-18 10:42:20.929 [main] INFO  [class Calculator] - Square Root of [ -24.0 ]
 Result [ NaN ]
2022-04-18 10:42:20.930 [main] INFO  [class Calculator] - Square Root of [ 36.0 ]
 Result [ 6.0 ]
2022-04-18 10:42:20.931 [main] INFO  [class Calculator] - Power [ 2.0 ]^[ 3.0 ]
 Result [ 8.0 ]
2022-04-18 10:42:20.932 [main] INFO  [class Calculator] - Power [ 2.0 ]^[ -3.0 ]
 Result [ 0.125 ]
2022-04-18 10:52:02.042 [main] INFO  [class Calculator] - Power [ 0.0 ]^[ 0.0 ]
 Result [ 1.0 ]
2022-04-18 10:52:02.050 [main] INFO  [class Calculator] - Power [ 2.0 ]^[ -3.0 ]
 Result [ 0.125 ]
2022-04-18 10:52:02.075 [main] INFO  [class Calculator] - Factorial of [ 4.0 ]
 Result is [ 24.0 ]
2022-04-18 10:52:02.077 [main] INFO  [class Calculator] - Factorial of negative number is not possible
2022-04-18 10:52:02.080 [main] INFO  [class Calculator] - Factorial of negative number is not possible
2022-04-18 10:52:02.081 [main] INFO  [class Calculator] - Factorial of [ 36.0 ]
 Result is [ 3.719933267899012E41 ]
2022-04-18 10:52:02.084 [main] INFO  [class Calculator] - Natural Logarithm of [ 10.0 ]
 Result [ 2.302585092994046 ]
2022-04-18 10:52:02.085 [main] INFO  [class Calculator] - Natural Logarithm of [ -25.0 ]
 Result [ NaN ]
2022-04-18 10:52:02.093 [main] INFO  [class Calculator] - Natural Logarithm of [ -24.0 ]
 Result [ NaN ]
2022-04-18 10:52:02.094 [main] INFO  [class Calculator] - Natural Logarithm of [ 36.0 ]
 Result [ 3.58351893845611 ]
2022-04-18 10:52:02.097 [main] INFO  [class Calculator] - Square Root of [ 25.0 ]
 Result [ 5.0 ]
2022-04-18 10:52:02.103 [main] INFO  [class Calculator] - Square Root of [ -25.0 ]
 Result [ NaN ]
2022-04-18 10:52:02.104 [main] INFO  [class Calculator] - Square Root of [ -24.0 ]
 Result [ NaN ]
2022-04-18 10:52:02.105 [main] INFO  [class Calculator] - Square Root of [ 36.0 ]
 Result [ 6.0 ]
2022-04-18 10:52:02.108 [main] INFO  [class Calculator] - Power [ 2.0 ]^[ 3.0 ]
 Result [ 8.0 ]
2022-04-18 10:52:02.109 [main] INFO  [class Calculator] - Power [ 2.0 ]^[ -3.0 ]
 Result [ 0.125 ]
